<?xml version="1.0" encoding="UTF-8"?>
<!-- Generated by org.testng.reporters.JUnitReportReporter -->
<testsuite hostname="LAPTOP-LPI8ANSO" failures="0" tests="2" name="TestNG_Parallel.CrossBrowser_Amazon" time="33.810" errors="0" timestamp="2023-08-12T18:00:25 IST" skipped="0">
  <testcase classname="TestNG_Parallel.CrossBrowser_Amazon" name="Amazon" time="16.888"/>
  <testcase classname="TestNG_Parallel.CrossBrowser_Amazon" name="Amazon" time="16.922"/>
</testsuite> <!-- TestNG_Parallel.CrossBrowser_Amazon -->
