<?xml version="1.0" encoding="UTF-8"?>
<!-- Generated by org.testng.reporters.JUnitReportReporter -->
<testsuite hostname="LAPTOP-LPI8ANSO" failures="0" tests="2" name="TestNG.Invocation" time="0.012" errors="0" timestamp="2023-08-15T15:23:46 IST" skipped="0">
  <testcase classname="TestNG.Invocation" name="demo2" time="0.010"/>
  <testcase classname="TestNG.Invocation" name="demo1" time="0.002"/>
</testsuite> <!-- TestNG.Invocation -->
