<?xml version="1.0" encoding="UTF-8"?>
<!-- Generated by org.testng.reporters.JUnitReportReporter -->
<testsuite hostname="LAPTOP-LPI8ANSO" failures="0" tests="6" name="TestNG.Priority" time="0.039" errors="0" timestamp="2023-08-11T22:54:30 IST" skipped="0">
  <testcase classname="TestNG.Priority" name="demo2" time="0.011"/>
  <testcase classname="TestNG.Priority" name="demo1" time="0.003"/>
  <testcase classname="TestNG.Priority" name="demo1" time="0.006"/>
  <testcase classname="TestNG.Priority" name="demo3" time="0.007"/>
  <testcase classname="TestNG.Priority" name="demo3" time="0.008"/>
  <testcase classname="TestNG.Priority" name="demo3" time="0.004"/>
</testsuite> <!-- TestNG.Priority -->
