<?xml version="1.0" encoding="UTF-8"?>
<!-- Generated by org.testng.reporters.JUnitReportReporter -->
<testsuite hostname="LAPTOP-LPI8ANSO" failures="0" tests="1" name="TestNG_Fail.Amazon_Distributes" time="10.741" errors="0" timestamp="2023-08-12T17:44:47 IST" skipped="0">
  <testcase classname="TestNG_Fail.Amazon_Distributes" name="Amazon" time="10.741"/>
</testsuite> <!-- TestNG_Fail.Amazon_Distributes -->
