<?xml version="1.0" encoding="UTF-8"?>
<!-- Generated by org.testng.reporters.JUnitReportReporter -->
<testsuite hostname="LAPTOP-LPI8ANSO" failures="0" tests="1" name="TestNG_Fail.FaceBook_Distributes" time="8.704" errors="0" timestamp="2023-08-12T17:44:47 IST" skipped="0">
  <testcase classname="TestNG_Fail.FaceBook_Distributes" name="Facebook" time="8.704"/>
</testsuite> <!-- TestNG_Fail.FaceBook_Distributes -->
