<?xml version="1.0" encoding="UTF-8"?>
<!-- Generated by org.testng.reporters.JUnitReportReporter -->
<testsuite hostname="LAPTOP-LPI8ANSO" failures="0" tests="1" name="TestNg_Group.sample1" time="0.002" errors="0" timestamp="2023-08-15T15:44:06 IST" skipped="0">
  <testcase classname="TestNg_Group.sample1" name="demo1" time="0.002"/>
</testsuite> <!-- TestNg_Group.sample1 -->
