<?xml version="1.0" encoding="UTF-8"?>
<!-- Generated by org.testng.reporters.JUnitReportReporter -->
<testsuite hostname="LAPTOP-LPI8ANSO" failures="0" tests="1" name="TestNG.Annotation" time="5.459" errors="0" timestamp="2023-08-15T00:08:11 IST" skipped="0">
  <testcase classname="TestNG.Annotation" name="login" time="5.459"/>
</testsuite> <!-- TestNG.Annotation -->
