<?xml version="1.0" encoding="UTF-8"?>
<!-- Generated by org.testng.reporters.JUnitReportReporter -->
<testsuite hostname="LAPTOP-LPI8ANSO" failures="0" tests="1" name="TestNg_Group.sample2" time="0.009" errors="0" timestamp="2023-08-15T15:44:06 IST" skipped="0">
  <testcase classname="TestNg_Group.sample2" name="demo4" time="0.009"/>
</testsuite> <!-- TestNg_Group.sample2 -->
